<?xml version="1.0" encoding="UTF-8"?>
<testsuite xmlns:xsi="http://www.w3.org/2001/XMLSchema-instance" xsi:noNamespaceSchemaLocation="https://maven.apache.org/surefire/maven-surefire-plugin/xsd/surefire-test-report.xsd" name="TestSuite" time="43.141" tests="12" errors="0" skipped="0" failures="0">
  <properties>
[...]
</properties>
  <testcase name="runScenario" classname="com.cloud.RunnerTest" time="2.305"/>
  <testcase name="runScenario" classname="com.cloud.RunnerTest" time="1.263"/>
  <testcase name="runScenario" classname="com.cloud.RunnerTest" time="1.159"/>
  <testcase name="runScenario" classname="com.cloud.RunnerTest" time="1.176"/>
  <testcase name="runScenario" classname="com.cloud.RunnerTest" time="1.242"/>
  <testcase name="runScenario" classname="com.cloud.RunnerTest" time="1.224"/>
  <testcase name="runScenario" classname="com.cloud.RunnerTest" time="1.203"/>
  <testcase name="runScenario" classname="com.cloud.RunnerTest" time="1.244"/>
  <testcase name="runScenario" classname="com.cloud.RunnerTest" time="0.301"/>
  <testcase name="runScenario" classname="com.cloud.RunnerTest" time="3.827"/>
  <testcase name="runScenario" classname="com.cloud.RunnerTest" time="0.912"/>
  <testcase name="runScenario" classname="com.cloud.RunnerTest" time="12.684"/>
</testsuite>